Buildfile: F:\EAZD\scripts\utils\prpcserviceutilsWrapper.xml
     [echo] *** JVM Arguments -XX:MaxHeapSize=1280m -XX:MaxMetaspaceSize=512m ***

-init:
     [echo] ******************************************************************
     [echo] Build date : ${pegaBuildDate.value} 
     [echo] Pega7 platform version : ${specificationVersion.value} 
     [echo] ******************************************************************
   [delete] Deleting directory F:\EAZD\scripts\utils\generated
    [mkdir] Created dir: F:\EAZD\scripts\utils\generated
[pega:propertyparser] Reading Properties from: F:\EAZD\scripts\utils/prpcServiceUtils.properties
[pega:propertyparser] getstatus.jobID=
[pega:propertyparser] hotfix.async=true
[pega:propertyparser] expose.includeDescendents=true
[pega:propertyparser] export.async=true
[pega:propertyparser] expose.async=true
[pega:propertyparser] expose.excludedClasses=
[pega:propertyparser] import.commitRate=100
[pega:propertyparser] export.productName=
[pega:propertyparser] export.branchAppContext=
[pega:propertyparser] expose.commitRate=100
[pega:propertyparser] import.existingInstances=skip
[pega:propertyparser] user.temp.dir=C:/pega_temp
[pega:propertyparser] expose.reindex=true
[pega:propertyparser] hotfix.operation=
[pega:propertyparser] expose.excludeDescendents=true
[pega:propertyparser] updateAccessGroup.applicationName=
[pega:propertyparser] import.nofailonerror=false
[pega:propertyparser] pega.rest.proxy.password=*****
[pega:propertyparser] import.codesetVersion=06-01-01
[pega:propertyparser] export.applicationVersion=
[pega:propertyparser] pega.rest.proxy.username=
[pega:propertyparser] expose.includedClasses=
[pega:propertyparser] rollback.action=SystemRollback
[pega:propertyparser] pega.rest.server.url=http://<host name>:<port number>/<context>/PRRestService/<tenant url hash>
[pega:propertyparser] updateAccessGroup.applicationVersion=
[pega:propertyparser] expose.startKey=
[pega:propertyparser] expose.reindexType=nonpega
[pega:propertyparser] import.codesetName=Customer
[pega:propertyparser] manageRestorePoints.restorePointLabel=
[pega:propertyparser] import.async=true
[pega:propertyparser] pega.rest.password=*****
[pega:propertyparser] hotfix.force=false
[pega:propertyparser] import.compileLibraries=true
[pega:propertyparser] rollback.restorePointName=
[pega:propertyparser] import.allowImportWithMissingDependencies=false
[pega:propertyparser] export.productVersion=
[pega:propertyparser] pega.rest.username=
[pega:propertyparser] rollback.async=true
[pega:propertyparser] export.branchName=
[pega:propertyparser] getstatus.operationName=
[pega:propertyparser] expose.endDate=
[pega:propertyparser] import.preserveOrder=true
[pega:propertyparser] rollback.downloadLogToFile=true
[pega:propertyparser] pega.rest.proxy.port=
[pega:propertyparser] pega.rest.proxy.workstation=
[pega:propertyparser] expose.endKey=
[pega:propertyparser] hotfix.dlFilePath=
[pega:propertyparser] import.archive.path=
[pega:propertyparser] updateAccessGroup.groupList=
[pega:propertyparser] manageRestorePoints.restorePointName=
[pega:propertyparser] export.archiveName=
[pega:propertyparser] import.mode=import
[pega:propertyparser] expose.startDate=
[pega:propertyparser] hotfix.bypassSchema=false
[pega:propertyparser] manageTrackedData.operation=
[pega:propertyparser] expose.numOfThreads=1
[pega:propertyparser] hotfix.catalogPath=
[pega:propertyparser] manageRestorePoints.action=
[pega:propertyparser] import.skipBackup=false
[pega:propertyparser] pega.rest.proxy.domain=
[pega:propertyparser] export.applicationName=
[pega:propertyparser] pega.rest.response.type=json
[pega:propertyparser] pega.rest.proxy.host=
    [mkdir] Created dir: C:\windows\TEMP\PegaInstallTemp-04-September-2019-12.44.52
[pega:hasenoughspace] Found 67205000KB of free space on 'C:\windows\TEMP\'

-processInstances:
     [echo] Performing import on multiple instance(s)
[pega:echoargline] arg line : -action import -propFileDir F:\EAZD\scripts\utils/generated -poolSize ${prpcserviceutils.pool.size} -requestTimeOut ${prpcserviceutils.request.timeout} -tempDir C:\windows\TEMP\/PegaInstallTemp-04-September-2019-12.44.52 -artifactsDir F:\Pega_Archive
     [echo] Reading connection information from F:\EAZD\deployment_import.properties
[pega:propertyfilegenerator] pega.rest.server.url=http://<host name>:<port number>/<context>/PRRestService/<tenant url hash>
[pega:propertyfilegenerator] pega.rest.username=
[pega:propertyfilegenerator] pega.rest.password=*****
[pega:propertyfilegenerator] pega.rest.proxy.host=
[pega:propertyfilegenerator] pega.rest.proxy.port=
[pega:propertyfilegenerator] pega.rest.proxy.username=
[pega:propertyfilegenerator] pega.rest.proxy.password=*****
[pega:propertyfilegenerator] pega.rest.proxy.domain=
[pega:propertyfilegenerator] pega.rest.proxy.workstation=
[pega:propertyfilegenerator] pega.rest.response.type=json
[pega:propertyfilegenerator] user.temp.dir=C:/pega_temp
[pega:propertyfilegenerator] export.archiveName=
[pega:propertyfilegenerator] export.productName=
[pega:propertyfilegenerator] export.productVersion=
[pega:propertyfilegenerator] export.applicationVersion=
[pega:propertyfilegenerator] export.applicationName=
[pega:propertyfilegenerator] export.branchName=
[pega:propertyfilegenerator] export.branchAppContext=
[pega:propertyfilegenerator] export.async=true
[pega:propertyfilegenerator] expose.includedClasses=
[pega:propertyfilegenerator] expose.includeDescendents=true
[pega:propertyfilegenerator] expose.excludedClasses=
[pega:propertyfilegenerator] expose.excludeDescendents=true
[pega:propertyfilegenerator] expose.startKey=
[pega:propertyfilegenerator] expose.endKey=
[pega:propertyfilegenerator] expose.startDate=
[pega:propertyfilegenerator] expose.endDate=
[pega:propertyfilegenerator] expose.reindex=true
[pega:propertyfilegenerator] expose.reindexType=nonpega
[pega:propertyfilegenerator] expose.commitRate=100
[pega:propertyfilegenerator] expose.numOfThreads=1
[pega:propertyfilegenerator] expose.async=true
[pega:propertyfilegenerator] import.archive.path=
[pega:propertyfilegenerator] import.mode=import
[pega:propertyfilegenerator] import.existingInstances=skip
[pega:propertyfilegenerator] import.nofailonerror=false
[pega:propertyfilegenerator] import.commitRate=100
[pega:propertyfilegenerator] import.compileLibraries=true
[pega:propertyfilegenerator] import.allowImportWithMissingDependencies=false
[pega:propertyfilegenerator] import.preserveOrder=true
[pega:propertyfilegenerator] import.codesetName=Customer
[pega:propertyfilegenerator] import.codesetVersion=06-01-01
[pega:propertyfilegenerator] import.async=true
[pega:propertyfilegenerator] import.skipBackup=false
[pega:propertyfilegenerator] manageTrackedData.operation=
[pega:propertyfilegenerator] hotfix.operation=
[pega:propertyfilegenerator] hotfix.dlFilePath=
[pega:propertyfilegenerator] hotfix.catalogPath=
[pega:propertyfilegenerator] hotfix.bypassSchema=false
[pega:propertyfilegenerator] hotfix.force=false
[pega:propertyfilegenerator] hotfix.async=true
[pega:propertyfilegenerator] getstatus.jobID=
[pega:propertyfilegenerator] getstatus.operationName=
[pega:propertyfilegenerator] manageRestorePoints.action=
[pega:propertyfilegenerator] manageRestorePoints.restorePointName=
[pega:propertyfilegenerator] manageRestorePoints.restorePointLabel=
[pega:propertyfilegenerator] rollback.restorePointName=
[pega:propertyfilegenerator] rollback.action=SystemRollback
[pega:propertyfilegenerator] rollback.async=true
[pega:propertyfilegenerator] rollback.downloadLogToFile=true
[pega:propertyfilegenerator] updateAccessGroup.applicationName=
[pega:propertyfilegenerator] updateAccessGroup.applicationVersion=
[pega:propertyfilegenerator] updateAccessGroup.groupList=
[pega:propertyfilegenerator] pega.rest.server.url=http://192.168.198.1:8085/prweb/PRRestService/
[pega:propertyfilegenerator] pega.rest.username=Debraj
[pega:propertyfilegenerator] pega.rest.password=*****
[pega:propertyfilegenerator] import.archive.path=\\\\192.168.198.1\\f$\\Pega_Archive
[pega:propertyfilegenerator] import.async=false
[pega:propertyfilegenerator] import.existingInstances=override
[pega:propertyfilegenerator] PegaProductImportTest-10.pega.rest.server.url=http://192.168.198.1:8085/prweb/PRRestService/
[pega:propertyfilegenerator] PegaProductImportTest-10.pega.rest.username=Debraj
[pega:propertyfilegenerator] PegaProductImportTest-10.pega.rest.password=*****
[pega:propertyfilegenerator] PegaProductImportTest-10.import.archive.path=D:\\Jenkins\\workspace\\PegaProductImportTest
[pega:propertyfilegenerator] PegaProductImportTest-10.import.async=false
[pega:propertyfilegenerator] PegaProductImportTest-10.import.existingInstances=override
[pega:propertyfilegenerator] PegaProductImportTest-11.pega.rest.server.url=http://192.168.198.1:8085/prweb/PRRestService/
[pega:propertyfilegenerator] PegaProductImportTest-11.pega.rest.username=Debraj
[pega:propertyfilegenerator] PegaProductImportTest-11.pega.rest.password=*****
[pega:propertyfilegenerator] PegaProductImportTest-11.import.archive.path=F:\\Pega_Archive
[pega:propertyfilegenerator] PegaProductImportTest-11.import.async=false
[pega:propertyfilegenerator] PegaProductImportTest-11.import.existingInstances=override
[pega:propertyfilegenerator] Systems Configured
[pega:propertyfilegenerator] PegaProductImportTest-10
[pega:propertyfilegenerator] PegaProductImportTest-11
[pega:propertyfilegenerator] Generated F:\EAZD\scripts\utils\generated\PegaProductImportTest-10.prpcServiceUtils.properties
[pega:propertyfilegenerator] Generated F:\EAZD\scripts\utils\generated\PegaProductImportTest-11.prpcServiceUtils.properties
     [echo] *** JVM Arguments -XX:MaxHeapSize=1280m -XX:MaxMetaspaceSize=512m ***

_callService:
     [java] 12:44:53.504 [main] INFO  [a.pegarules.serviceclient.ClientSettings] - -action import -propFileDir F:\EAZD\scripts\utils/generated -poolSize ${prpcserviceutils.pool.size} -requestTimeOut ${prpcserviceutils.request.timeout} -tempDir C:\windows\TEMP\/PegaInstallTemp-04-September-2019-12.44.52 -artifactsDir F:\Pega_Archive 
     [java] 12:44:53.510 [main] INFO  [a.pegarules.serviceclient.ClientSettings] - Setting Thread Pool Size to default 5
     [java] 12:44:53.510 [main] INFO  [a.pegarules.serviceclient.ClientSettings] - Setting Request TimeOut to default 300
     [java] 12:44:53.521 [main] INFO  [.pega.pegarules.serviceclient.ClientMain] - Initializing client Current Operation = IMPORT; Thread Pool Size = 5; RequestTimeOut = 300; TemporaryDirectory = C:\windows\TEMP\/PegaInstallTemp-04-September-2019-12.44.52
     [java] 12:44:53.523 [main] INFO  [viceclient.requestmanager.RequestManager] - Initializing Request Manager
     [java] 12:44:53.524 [main] INFO  [viceclient.requestmanager.RequestManager] - Initializing ExecutorService with pool size 5 
     [java] 12:44:53.529 [main] INFO  [viceclient.requestmanager.RequestManager] - Performing IMPORT with params [System Name = PegaProductImportTest-10 Parameters = {hotfix.async=true, expose.includeDescendents=true, getstatus.jobID=, export.async=true, expose.async=true, expose.excludedClasses=, export.productName=, import.commitRate=100, export.branchAppContext=, expose.commitRate=100, import.existingInstances=override, user.temp.dir=C:/pega_temp, expose.reindex=true, hotfix.operation=, expose.excludeDescendents=true, pega.rest.proxy.password=*****, updateAccessGroup.applicationName=, import.nofailonerror=false, export.applicationVersion=, import.codesetVersion=06-01-01, pega.rest.proxy.username=, expose.includedClasses=, rollback.action=SystemRollback, pega.rest.server.url=http://192.168.198.1:8085/prweb/PRRestService/, updateAccessGroup.applicationVersion=, expose.startKey=, expose.reindexType=nonpega, import.codesetName=Customer, manageRestorePoints.restorePointLabel=, pega.rest.password=*****, import.async=false, import.compileLibraries=true, hotfix.force=false, export.productVersion=, rollback.restorePointName=, import.allowImportWithMissingDependencies=false, pega.rest.username=Debraj, rollback.async=true, export.branchName=, getstatus.operationName=, expose.endDate=, import.preserveOrder=true, rollback.downloadLogToFile=true, pega.rest.proxy.port=, pega.rest.proxy.workstation=, expose.endKey=, import.archive.path=D:\\Jenkins\\workspace\\PegaProductImportTest, hotfix.dlFilePath=, export.archiveName=, manageRestorePoints.restorePointName=, updateAccessGroup.groupList=, import.mode=import, expose.startDate=, expose.numOfThreads=1, manageTrackedData.operation=, hotfix.bypassSchema=false, hotfix.catalogPath=, pega.rest.proxy.domain=, import.skipBackup=false, manageRestorePoints.action=, export.applicationName=, pega.rest.response.type=json, pega.rest.proxy.host=}, System Name = PegaProductImportTest-11 Parameters = {hotfix.async=true, expose.includeDescendents=true, getstatus.jobID=, export.async=true, expose.async=true, expose.excludedClasses=, export.productName=, import.commitRate=100, export.branchAppContext=, expose.commitRate=100, import.existingInstances=override, user.temp.dir=C:/pega_temp, expose.reindex=true, hotfix.operation=, expose.excludeDescendents=true, pega.rest.proxy.password=*****, updateAccessGroup.applicationName=, import.nofailonerror=false, export.applicationVersion=, import.codesetVersion=06-01-01, pega.rest.proxy.username=, expose.includedClasses=, rollback.action=SystemRollback, pega.rest.server.url=http://192.168.198.1:8085/prweb/PRRestService/, updateAccessGroup.applicationVersion=, expose.startKey=, expose.reindexType=nonpega, import.codesetName=Customer, manageRestorePoints.restorePointLabel=, pega.rest.password=*****, import.async=false, import.compileLibraries=true, hotfix.force=false, export.productVersion=, rollback.restorePointName=, import.allowImportWithMissingDependencies=false, pega.rest.username=Debraj, rollback.async=true, export.branchName=, getstatus.operationName=, expose.endDate=, import.preserveOrder=true, rollback.downloadLogToFile=true, pega.rest.proxy.port=, pega.rest.proxy.workstation=, expose.endKey=, import.archive.path=F:\\Pega_Archive, hotfix.dlFilePath=, export.archiveName=, manageRestorePoints.restorePointName=, updateAccessGroup.groupList=, import.mode=import, expose.startDate=, expose.numOfThreads=1, manageTrackedData.operation=, hotfix.bypassSchema=false, hotfix.catalogPath=, pega.rest.proxy.domain=, import.skipBackup=false, manageRestorePoints.action=, export.applicationName=, pega.rest.response.type=json, pega.rest.proxy.host=}]
     [java] 12:44:53.550 [pool-2-thread-1] INFO  [eclient.operation.custom.ImportOperation] - PegaProductImportTest-10:Not a valid archive (zip/jar), hence excluding 'PegaProductImportTest-2_import.properties
     [java] 12:44:53.550 [pool-2-thread-1] INFO  [eclient.operation.custom.ImportOperation] - PegaProductImportTest-10:Not a valid archive (zip/jar), hence excluding 'PegaProductImportTest-3_import.properties
     [java] 12:44:53.550 [pool-2-thread-1] INFO  [eclient.operation.custom.ImportOperation] - PegaProductImportTest-10:Not a valid archive (zip/jar), hence excluding 'PegaProductImportTest-4_import.properties
     [java] 12:44:53.550 [pool-2-thread-1] INFO  [eclient.operation.custom.ImportOperation] - PegaProductImportTest-10:Not a valid archive (zip/jar), hence excluding 'PegaProductImportTest-5_import.properties
     [java] 12:44:53.550 [pool-2-thread-1] INFO  [eclient.operation.custom.ImportOperation] - PegaProductImportTest-10:Not a valid archive (zip/jar), hence excluding 'PegaProductImportTest-6_import.properties
     [java] 12:44:53.551 [pool-2-thread-1] INFO  [eclient.operation.custom.ImportOperation] - PegaProductImportTest-10:Not a valid archive (zip/jar), hence excluding 'PegaProductImportTest-7_import.properties
     [java] 12:44:53.551 [pool-2-thread-1] INFO  [eclient.operation.custom.ImportOperation] - PegaProductImportTest-10:Not a valid archive (zip/jar), hence excluding 'PegaProductImportTest-8_import.properties
     [java] 12:44:53.551 [pool-2-thread-1] INFO  [eclient.operation.custom.ImportOperation] - PegaProductImportTest-10:Not a valid archive (zip/jar), hence excluding 'PegaProductImportTest-9_import.properties
     [java] 12:44:53.552 [main] INFO  [viceclient.requestmanager.RequestManager] - Request on system PegaProductImportTest-10 failed
     [java] 12:44:53.552 [main] ERROR [viceclient.requestmanager.RequestManager] - Request on system PegaProductImportTest-10 failed
     [java] java.util.concurrent.ExecutionException: com.pega.pegarules.serviceclient.exception.InvalidParametersException: No valid (zip/jar) files found in path D:\\Jenkins\\workspace\\PegaProductImportTest
     [java] 	at java.util.concurrent.FutureTask.report(FutureTask.java:122) ~[?:1.8.0_91]
     [java] 	at java.util.concurrent.FutureTask.get(FutureTask.java:206) ~[?:1.8.0_91]
     [java] 	at com.pega.pegarules.serviceclient.requestmanager.RequestManager.processResponse(RequestManager.java:156) [prdeploy.jar:?]
     [java] 	at com.pega.pegarules.serviceclient.requestmanager.RequestManager.doOperation(RequestManager.java:141) [prdeploy.jar:?]
     [java] 	at com.pega.pegarules.serviceclient.ClientMain.executeAndHandleResponse(ClientMain.java:100) [prdeploy.jar:?]
     [java] 	at com.pega.pegarules.serviceclient.ClientMain.main(ClientMain.java:61) [prdeploy.jar:?]
     [java] Caused by: com.pega.pegarules.serviceclient.exception.InvalidParametersException: No valid (zip/jar) files found in path D:\\Jenkins\\workspace\\PegaProductImportTest
     [java] 	at com.pega.pegarules.serviceclient.operation.custom.ImportOperation.validateInputParameters(ImportOperation.java:101) ~[prdeploy.jar:?]
     [java] 	at com.pega.pegarules.serviceclient.rest.RestRequest.validateInputParameters(RestRequest.java:41) ~[prdeploy.jar:?]
     [java] 	at com.pega.pegarules.serviceclient.rest.AbstractRestRequest.execute(AbstractRestRequest.java:56) ~[prdeploy.jar:?]
     [java] 	at com.pega.pegarules.serviceclient.rest.AbstractRestRequest.execute(AbstractRestRequest.java:1) ~[prdeploy.jar:?]
     [java] 	at com.pega.pegarules.serviceclient.request.AbstractRequest.call(AbstractRequest.java:62) ~[prdeploy.jar:?]
     [java] 	at com.pega.pegarules.serviceclient.request.AbstractRequest.call(AbstractRequest.java:1) ~[prdeploy.jar:?]
     [java] 	at java.util.concurrent.FutureTask.run(FutureTask.java:266) ~[?:1.8.0_91]
     [java] 	at java.util.concurrent.ThreadPoolExecutor.runWorker(ThreadPoolExecutor.java:1142) ~[?:1.8.0_91]
     [java] 	at java.util.concurrent.ThreadPoolExecutor$Worker.run(ThreadPoolExecutor.java:617) ~[?:1.8.0_91]
     [java] 	at java.lang.Thread.run(Thread.java:745) ~[?:1.8.0_91]
     [java] 12:44:53.580 [pool-2-thread-2] INFO  [eclient.operation.custom.ImportOperation] - PegaProductImportTest-11:Not a valid archive (zip/jar), hence excluding 'COMMIT_EDITMSG
     [java] 12:44:53.580 [pool-2-thread-2] INFO  [eclient.operation.custom.ImportOperation] - PegaProductImportTest-11:Not a valid archive (zip/jar), hence excluding 'config
     [java] 12:44:53.643 [pool-2-thread-2] INFO  [eclient.operation.custom.ImportOperation] - PegaProductImportTest-11:Not a valid archive (zip/jar), hence excluding 'description
     [java] 12:44:53.643 [pool-2-thread-2] INFO  [eclient.operation.custom.ImportOperation] - PegaProductImportTest-11:Not a valid archive (zip/jar), hence excluding 'HEAD
     [java] 12:44:53.645 [pool-2-thread-2] INFO  [eclient.operation.custom.ImportOperation] - PegaProductImportTest-11:Not a valid archive (zip/jar), hence excluding 'applypatch-msg.sample
     [java] 12:44:53.645 [pool-2-thread-2] INFO  [eclient.operation.custom.ImportOperation] - PegaProductImportTest-11:Not a valid archive (zip/jar), hence excluding 'commit-msg.sample
     [java] 12:44:53.646 [pool-2-thread-2] INFO  [eclient.operation.custom.ImportOperation] - PegaProductImportTest-11:Not a valid archive (zip/jar), hence excluding 'post-update.sample
     [java] 12:44:53.647 [pool-2-thread-2] INFO  [eclient.operation.custom.ImportOperation] - PegaProductImportTest-11:Not a valid archive (zip/jar), hence excluding 'pre-applypatch.sample
     [java] 12:44:53.647 [pool-2-thread-2] INFO  [eclient.operation.custom.ImportOperation] - PegaProductImportTest-11:Not a valid archive (zip/jar), hence excluding 'pre-commit.sample
     [java] 12:44:53.647 [pool-2-thread-2] INFO  [eclient.operation.custom.ImportOperation] - PegaProductImportTest-11:Not a valid archive (zip/jar), hence excluding 'pre-push.sample
     [java] 12:44:53.647 [pool-2-thread-2] INFO  [eclient.operation.custom.ImportOperation] - PegaProductImportTest-11:Not a valid archive (zip/jar), hence excluding 'pre-rebase.sample
     [java] 12:44:53.648 [pool-2-thread-2] INFO  [eclient.operation.custom.ImportOperation] - PegaProductImportTest-11:Not a valid archive (zip/jar), hence excluding 'prepare-commit-msg.sample
     [java] 12:44:53.648 [pool-2-thread-2] INFO  [eclient.operation.custom.ImportOperation] - PegaProductImportTest-11:Not a valid archive (zip/jar), hence excluding 'update.sample
     [java] 12:44:53.649 [pool-2-thread-2] INFO  [eclient.operation.custom.ImportOperation] - PegaProductImportTest-11:Not a valid archive (zip/jar), hence excluding 'index
     [java] 12:44:53.649 [pool-2-thread-2] INFO  [eclient.operation.custom.ImportOperation] - PegaProductImportTest-11:Not a valid archive (zip/jar), hence excluding 'exclude
     [java] 12:44:53.652 [pool-2-thread-2] INFO  [eclient.operation.custom.ImportOperation] - PegaProductImportTest-11:Not a valid archive (zip/jar), hence excluding '825dc642cb6eb9a060e54bf8d69288fbee4904
     [java] 12:44:53.653 [pool-2-thread-2] INFO  [eclient.operation.custom.ImportOperation] - PegaProductImportTest-11:Not a valid archive (zip/jar), hence excluding '920a0c807d85f9f1cc333807454cb0afee5cc3
     [java]  
     [java] 12:44:54.369 [pool-2-thread-2] INFO  [.pegarules.serviceclient.rest.RestClient] - PegaProductImportTest-11: Attaching files [F:\Pega_Archive\NextBankAppProduct.zip]
     [java] 12:44:54.376 [pool-2-thread-2] INFO  [.pegarules.serviceclient.rest.RestClient] - PegaProductImportTest-11: Adding parameters {jsonBody={"mode":"import","async":"false","preserveOrder":"true","skipBackup":"false","codesetVersion":"06-01-01","compileLibraries":"true","allowImportWithMissingDependencies":"false","commitRate":"100","codesetName":"Customer","existingInstances":"override","nofailonerror":"false"}}
     [java] 12:45:38.194 [pool-2-thread-2] INFO  [egarules.serviceclient.rest.RestResponse] - PegaProductImportTest-11: Parsing response
     [java] 12:45:38.194 [pool-2-thread-2] INFO  [egarules.serviceclient.rest.RestResponse] - PegaProductImportTest-11: Parsing response of length null
     [java] 12:45:38.195 [pool-2-thread-2] INFO  [egarules.serviceclient.rest.RestResponse] - PegaProductImportTest-11: Parsing content of type multipart/form-data; boundary=fEbhW8LMRVzk_x88goYORwCzln1hdBOg97F6
     [java] 12:45:38.207 [pool-2-thread-2] INFO  [.rest.contenthandlers.FileContentHandler] - Creating file C:\windows\TEMP\PegaInstallTemp-04-September-2019-12.44.52\IMPORT_1567593893523\PegaProductImportTest-11_2\NextBankAppProduct.log
     [java] Exception in thread "main" Operation IMPORT failed on PegaProductImportTest-10,
     [java] 	at com.pega.pegarules.serviceclient.ClientMain.executeAndHandleResponse(ClientMain.java:116)
     [java] 	at com.pega.pegarules.serviceclient.ClientMain.main(ClientMain.java:61)
     [java] 12:45:38.215 [main] INFO  [viceclient.requestmanager.RequestManager] - Request on system PegaProductImportTest-11 Successful
     [java] 
     [java]                                    SUCCESSFUL JOBS
     [java] --------------------------------------------------------------------------------------------
     [java] 
     [java] System Name         : PegaProductImportTest-11                                                                            
     [java] Job ID              : IMPORTREQUEST-9                                                                                     
     [java] Status              : SUCCESS                                                                                             
     [java] Logs                : F:\Pega_Archive\IMPORT_2019-Sep-04_12-45-38\PegaProductImportTest-11                                
     [java] --------------------------------------------------------------------------------------------
     [java] 
     [java]                                        FAILED JOBS
     [java] --------------------------------------------------------------------------------------------
     [java] 
     [java] System Name         : PegaProductImportTest-10                                                                            
     [java] Job ID              :                                                                                                     
     [java] Status              :                                                                                                     
     [java] Error Message       : REQUEST_VALIDATION_ERROR com.pega.pegarules.serviceclient.exception.InvalidParametersException: No valid (zip/jar) files found in path D:\\Jenkins\\workspace\\PegaProductImportTest
     [java] --------------------------------------------------------------------------------------------
     [java] 12:45:38.243 [main] INFO  [viceclient.requestmanager.RequestManager] - Shutting down executor service
     [java] 12:45:38.244 [main] INFO  [viceclient.requestmanager.RequestManager] - Executor Service shutdown completed

BUILD FAILED
F:\EAZD\scripts\utils\prpcserviceutilsWrapper.xml:180: The following error occurred while executing this line:
F:\EAZD\scripts\utils\prpcserviceutilsWrapper.xml:198: Java returned: 1

Total time: 46 seconds
Exiting with Error

