Buildfile: F:\EAZD\scripts\utils\prpcserviceutilsWrapper.xml
     [echo] *** JVM Arguments -XX:MaxHeapSize=1280m -XX:MaxMetaspaceSize=512m ***

-init:
     [echo] ******************************************************************
     [echo] Build date : ${pegaBuildDate.value} 
     [echo] Pega7 platform version : ${specificationVersion.value} 
     [echo] ******************************************************************
   [delete] Deleting directory F:\EAZD\scripts\utils\generated
    [mkdir] Created dir: F:\EAZD\scripts\utils\generated
[pega:propertyparser] Reading Properties from: F:\EAZD\scripts\utils/prpcServiceUtils.properties
[pega:propertyparser] getstatus.jobID=
[pega:propertyparser] hotfix.async=true
[pega:propertyparser] expose.includeDescendents=true
[pega:propertyparser] export.async=true
[pega:propertyparser] expose.async=true
[pega:propertyparser] expose.excludedClasses=
[pega:propertyparser] import.commitRate=100
[pega:propertyparser] export.productName=
[pega:propertyparser] export.branchAppContext=
[pega:propertyparser] expose.commitRate=100
[pega:propertyparser] import.existingInstances=skip
[pega:propertyparser] user.temp.dir=C:/pega_temp
[pega:propertyparser] expose.reindex=true
[pega:propertyparser] hotfix.operation=
[pega:propertyparser] expose.excludeDescendents=true
[pega:propertyparser] updateAccessGroup.applicationName=
[pega:propertyparser] import.nofailonerror=false
[pega:propertyparser] pega.rest.proxy.password=*****
[pega:propertyparser] import.codesetVersion=06-01-01
[pega:propertyparser] export.applicationVersion=
[pega:propertyparser] pega.rest.proxy.username=
[pega:propertyparser] expose.includedClasses=
[pega:propertyparser] rollback.action=SystemRollback
[pega:propertyparser] pega.rest.server.url=http://<host name>:<port number>/<context>/PRRestService/<tenant url hash>
[pega:propertyparser] updateAccessGroup.applicationVersion=
[pega:propertyparser] expose.startKey=
[pega:propertyparser] expose.reindexType=nonpega
[pega:propertyparser] import.codesetName=Customer
[pega:propertyparser] manageRestorePoints.restorePointLabel=
[pega:propertyparser] import.async=true
[pega:propertyparser] pega.rest.password=*****
[pega:propertyparser] hotfix.force=false
[pega:propertyparser] import.compileLibraries=true
[pega:propertyparser] rollback.restorePointName=
[pega:propertyparser] import.allowImportWithMissingDependencies=false
[pega:propertyparser] export.productVersion=
[pega:propertyparser] pega.rest.username=
[pega:propertyparser] rollback.async=true
[pega:propertyparser] export.branchName=
[pega:propertyparser] getstatus.operationName=
[pega:propertyparser] expose.endDate=
[pega:propertyparser] import.preserveOrder=true
[pega:propertyparser] rollback.downloadLogToFile=true
[pega:propertyparser] pega.rest.proxy.port=
[pega:propertyparser] pega.rest.proxy.workstation=
[pega:propertyparser] expose.endKey=
[pega:propertyparser] hotfix.dlFilePath=
[pega:propertyparser] import.archive.path=
[pega:propertyparser] updateAccessGroup.groupList=
[pega:propertyparser] manageRestorePoints.restorePointName=
[pega:propertyparser] export.archiveName=
[pega:propertyparser] import.mode=import
[pega:propertyparser] expose.startDate=
[pega:propertyparser] hotfix.bypassSchema=false
[pega:propertyparser] manageTrackedData.operation=
[pega:propertyparser] expose.numOfThreads=1
[pega:propertyparser] hotfix.catalogPath=
[pega:propertyparser] manageRestorePoints.action=
[pega:propertyparser] import.skipBackup=false
[pega:propertyparser] pega.rest.proxy.domain=
[pega:propertyparser] export.applicationName=
[pega:propertyparser] pega.rest.response.type=json
[pega:propertyparser] pega.rest.proxy.host=
    [mkdir] Created dir: C:\windows\TEMP\PegaInstallTemp-28-August-2019-16.55.25
[pega:hasenoughspace] Found 61726840KB of free space on 'C:\windows\TEMP\'

-processInstances:
     [echo] Performing import on multiple instance(s)
[pega:echoargline] arg line : -action import -propFileDir F:\EAZD\scripts\utils/generated -poolSize ${prpcserviceutils.pool.size} -requestTimeOut ${prpcserviceutils.request.timeout} -tempDir C:\windows\TEMP\/PegaInstallTemp-28-August-2019-16.55.25 -artifactsDir F:\Pega_Archive
     [echo] Reading connection information from F:\EAZD\deployment_import.properties
[pega:propertyfilegenerator] pega.rest.server.url=http://<host name>:<port number>/<context>/PRRestService/<tenant url hash>
[pega:propertyfilegenerator] pega.rest.username=
[pega:propertyfilegenerator] pega.rest.password=*****
[pega:propertyfilegenerator] pega.rest.proxy.host=
[pega:propertyfilegenerator] pega.rest.proxy.port=
[pega:propertyfilegenerator] pega.rest.proxy.username=
[pega:propertyfilegenerator] pega.rest.proxy.password=*****
[pega:propertyfilegenerator] pega.rest.proxy.domain=
[pega:propertyfilegenerator] pega.rest.proxy.workstation=
[pega:propertyfilegenerator] pega.rest.response.type=json
[pega:propertyfilegenerator] user.temp.dir=C:/pega_temp
[pega:propertyfilegenerator] export.archiveName=
[pega:propertyfilegenerator] export.productName=
[pega:propertyfilegenerator] export.productVersion=
[pega:propertyfilegenerator] export.applicationVersion=
[pega:propertyfilegenerator] export.applicationName=
[pega:propertyfilegenerator] export.branchName=
[pega:propertyfilegenerator] export.branchAppContext=
[pega:propertyfilegenerator] export.async=true
[pega:propertyfilegenerator] expose.includedClasses=
[pega:propertyfilegenerator] expose.includeDescendents=true
[pega:propertyfilegenerator] expose.excludedClasses=
[pega:propertyfilegenerator] expose.excludeDescendents=true
[pega:propertyfilegenerator] expose.startKey=
[pega:propertyfilegenerator] expose.endKey=
[pega:propertyfilegenerator] expose.startDate=
[pega:propertyfilegenerator] expose.endDate=
[pega:propertyfilegenerator] expose.reindex=true
[pega:propertyfilegenerator] expose.reindexType=nonpega
[pega:propertyfilegenerator] expose.commitRate=100
[pega:propertyfilegenerator] expose.numOfThreads=1
[pega:propertyfilegenerator] expose.async=true
[pega:propertyfilegenerator] import.archive.path=
[pega:propertyfilegenerator] import.mode=import
[pega:propertyfilegenerator] import.existingInstances=skip
[pega:propertyfilegenerator] import.nofailonerror=false
[pega:propertyfilegenerator] import.commitRate=100
[pega:propertyfilegenerator] import.compileLibraries=true
[pega:propertyfilegenerator] import.allowImportWithMissingDependencies=false
[pega:propertyfilegenerator] import.preserveOrder=true
[pega:propertyfilegenerator] import.codesetName=Customer
[pega:propertyfilegenerator] import.codesetVersion=06-01-01
[pega:propertyfilegenerator] import.async=true
[pega:propertyfilegenerator] import.skipBackup=false
[pega:propertyfilegenerator] manageTrackedData.operation=
[pega:propertyfilegenerator] hotfix.operation=
[pega:propertyfilegenerator] hotfix.dlFilePath=
[pega:propertyfilegenerator] hotfix.catalogPath=
[pega:propertyfilegenerator] hotfix.bypassSchema=false
[pega:propertyfilegenerator] hotfix.force=false
[pega:propertyfilegenerator] hotfix.async=true
[pega:propertyfilegenerator] getstatus.jobID=
[pega:propertyfilegenerator] getstatus.operationName=
[pega:propertyfilegenerator] manageRestorePoints.action=
[pega:propertyfilegenerator] manageRestorePoints.restorePointName=
[pega:propertyfilegenerator] manageRestorePoints.restorePointLabel=
[pega:propertyfilegenerator] rollback.restorePointName=
[pega:propertyfilegenerator] rollback.action=SystemRollback
[pega:propertyfilegenerator] rollback.async=true
[pega:propertyfilegenerator] rollback.downloadLogToFile=true
[pega:propertyfilegenerator] updateAccessGroup.applicationName=
[pega:propertyfilegenerator] updateAccessGroup.applicationVersion=
[pega:propertyfilegenerator] updateAccessGroup.groupList=
[pega:propertyfilegenerator] PegaProductImportTest-5.pega.rest.server.url=http://192.168.198.1:8085/prweb/PRRestService/
[pega:propertyfilegenerator] PegaProductImportTest-5.pega.rest.username=Debraj
[pega:propertyfilegenerator] PegaProductImportTest-5.pega.rest.password=*****
[pega:propertyfilegenerator] PegaProductImportTest-5.import.archive.path=\\\\192.168.198.1\\f$\\Pega_Archive
[pega:propertyfilegenerator] PegaProductImportTest-5.import.async=false
[pega:propertyfilegenerator] PegaProductImportTest-5.import.existingInstances=override
[pega:propertyfilegenerator] Systems Configured
[pega:propertyfilegenerator] PegaProductImportTest-5
[pega:propertyfilegenerator] Generated F:\EAZD\scripts\utils\generated\PegaProductImportTest-5.prpcServiceUtils.properties
     [echo] *** JVM Arguments -XX:MaxHeapSize=1280m -XX:MaxMetaspaceSize=512m ***

_callService:
     [java] 16:55:27.404 [main] INFO  [a.pegarules.serviceclient.ClientSettings] - -action import -propFileDir F:\EAZD\scripts\utils/generated -poolSize ${prpcserviceutils.pool.size} -requestTimeOut ${prpcserviceutils.request.timeout} -tempDir C:\windows\TEMP\/PegaInstallTemp-28-August-2019-16.55.25 -artifactsDir F:\Pega_Archive 
     [java] 16:55:27.408 [main] INFO  [a.pegarules.serviceclient.ClientSettings] - Setting Thread Pool Size to default 5
     [java] 16:55:27.409 [main] INFO  [a.pegarules.serviceclient.ClientSettings] - Setting Request TimeOut to default 300
     [java] 16:55:27.420 [main] INFO  [.pega.pegarules.serviceclient.ClientMain] - Initializing client Current Operation = IMPORT; Thread Pool Size = 5; RequestTimeOut = 300; TemporaryDirectory = C:\windows\TEMP\/PegaInstallTemp-28-August-2019-16.55.25
     [java] 16:55:27.422 [main] INFO  [viceclient.requestmanager.RequestManager] - Initializing Request Manager
     [java] 16:55:27.423 [main] INFO  [viceclient.requestmanager.RequestManager] - Initializing ExecutorService with pool size 5 
     [java] 16:55:27.428 [main] INFO  [viceclient.requestmanager.RequestManager] - Performing IMPORT with params [System Name = PegaProductImportTest-5 Parameters = {hotfix.async=true, expose.includeDescendents=true, getstatus.jobID=, export.async=true, expose.async=true, expose.excludedClasses=, export.productName=, import.commitRate=100, export.branchAppContext=, expose.commitRate=100, import.existingInstances=override, user.temp.dir=C:/pega_temp, expose.reindex=true, hotfix.operation=, expose.excludeDescendents=true, pega.rest.proxy.password=*****, updateAccessGroup.applicationName=, import.nofailonerror=false, export.applicationVersion=, import.codesetVersion=06-01-01, pega.rest.proxy.username=, expose.includedClasses=, rollback.action=SystemRollback, pega.rest.server.url=http://192.168.198.1:8085/prweb/PRRestService/, updateAccessGroup.applicationVersion=, expose.startKey=, expose.reindexType=nonpega, import.codesetName=Customer, manageRestorePoints.restorePointLabel=, pega.rest.password=*****, import.async=false, import.compileLibraries=true, hotfix.force=false, export.productVersion=, rollback.restorePointName=, import.allowImportWithMissingDependencies=false, pega.rest.username=Debraj, rollback.async=true, export.branchName=, getstatus.operationName=, expose.endDate=, import.preserveOrder=true, rollback.downloadLogToFile=true, pega.rest.proxy.port=, pega.rest.proxy.workstation=, expose.endKey=, import.archive.path=\\\\192.168.198.1\\f$\\Pega_Archive, hotfix.dlFilePath=, export.archiveName=, manageRestorePoints.restorePointName=, updateAccessGroup.groupList=, import.mode=import, expose.startDate=, expose.numOfThreads=1, manageTrackedData.operation=, hotfix.bypassSchema=false, hotfix.catalogPath=, pega.rest.proxy.domain=, import.skipBackup=false, manageRestorePoints.action=, export.applicationName=, pega.rest.response.type=json, pega.rest.proxy.host=}]
     [java] 16:55:28.274 [pool-2-thread-1] INFO  [eclient.operation.custom.ImportOperation] - PegaProductImportTest-5:Not a valid archive (zip/jar), hence excluding 'COMMIT_EDITMSG
     [java] 16:55:28.280 [pool-2-thread-1] INFO  [eclient.operation.custom.ImportOperation] - PegaProductImportTest-5:Not a valid archive (zip/jar), hence excluding 'config
     [java] 16:55:28.286 [pool-2-thread-1] INFO  [eclient.operation.custom.ImportOperation] - PegaProductImportTest-5:Not a valid archive (zip/jar), hence excluding 'description
     [java] 16:55:28.292 [pool-2-thread-1] INFO  [eclient.operation.custom.ImportOperation] - PegaProductImportTest-5:Not a valid archive (zip/jar), hence excluding 'HEAD
     [java] 16:55:28.329 [pool-2-thread-1] INFO  [eclient.operation.custom.ImportOperation] - PegaProductImportTest-5:Not a valid archive (zip/jar), hence excluding 'applypatch-msg.sample
     [java] 16:55:28.336 [pool-2-thread-1] INFO  [eclient.operation.custom.ImportOperation] - PegaProductImportTest-5:Not a valid archive (zip/jar), hence excluding 'commit-msg.sample
     [java] 16:55:28.342 [pool-2-thread-1] INFO  [eclient.operation.custom.ImportOperation] - PegaProductImportTest-5:Not a valid archive (zip/jar), hence excluding 'post-update.sample
     [java] 16:55:28.349 [pool-2-thread-1] INFO  [eclient.operation.custom.ImportOperation] - PegaProductImportTest-5:Not a valid archive (zip/jar), hence excluding 'pre-applypatch.sample
     [java] 16:55:28.355 [pool-2-thread-1] INFO  [eclient.operation.custom.ImportOperation] - PegaProductImportTest-5:Not a valid archive (zip/jar), hence excluding 'pre-commit.sample
     [java] 16:55:28.361 [pool-2-thread-1] INFO  [eclient.operation.custom.ImportOperation] - PegaProductImportTest-5:Not a valid archive (zip/jar), hence excluding 'pre-push.sample
     [java] 16:55:28.368 [pool-2-thread-1] INFO  [eclient.operation.custom.ImportOperation] - PegaProductImportTest-5:Not a valid archive (zip/jar), hence excluding 'pre-rebase.sample
     [java] 16:55:28.376 [pool-2-thread-1] INFO  [eclient.operation.custom.ImportOperation] - PegaProductImportTest-5:Not a valid archive (zip/jar), hence excluding 'prepare-commit-msg.sample
     [java] 16:55:28.382 [pool-2-thread-1] INFO  [eclient.operation.custom.ImportOperation] - PegaProductImportTest-5:Not a valid archive (zip/jar), hence excluding 'update.sample
     [java] 16:55:28.385 [pool-2-thread-1] INFO  [eclient.operation.custom.ImportOperation] - PegaProductImportTest-5:Not a valid archive (zip/jar), hence excluding 'index
     [java] 16:55:28.393 [pool-2-thread-1] INFO  [eclient.operation.custom.ImportOperation] - PegaProductImportTest-5:Not a valid archive (zip/jar), hence excluding 'exclude
     [java] 16:55:28.407 [pool-2-thread-1] INFO  [eclient.operation.custom.ImportOperation] - PegaProductImportTest-5:Not a valid archive (zip/jar), hence excluding '825dc642cb6eb9a060e54bf8d69288fbee4904
     [java] 16:55:28.524 [pool-2-thread-1] INFO  [eclient.operation.custom.ImportOperation] - PegaProductImportTest-5:Not a valid archive (zip/jar), hence excluding '920a0c807d85f9f1cc333807454cb0afee5cc3
     [java] 16:55:28.568 [main] INFO  [viceclient.requestmanager.RequestManager] - Request on system PegaProductImportTest-5 failed
     [java] 16:55:28.569 [main] ERROR [viceclient.requestmanager.RequestManager] - Request on system PegaProductImportTest-5 failed
     [java] java.util.concurrent.ExecutionException: com.pega.pegarules.serviceclient.exception.InvalidParametersException: No valid (zip/jar) files found in path \\\\192.168.198.1\\f$\\Pega_Archive
     [java] 	at java.util.concurrent.FutureTask.report(FutureTask.java:122) ~[?:1.8.0_91]
     [java] 	at java.util.concurrent.FutureTask.get(FutureTask.java:206) ~[?:1.8.0_91]
     [java] 	at com.pega.pegarules.serviceclient.requestmanager.RequestManager.processResponse(RequestManager.java:156) [prdeploy.jar:?]
     [java] 	at com.pega.pegarules.serviceclient.requestmanager.RequestManager.doOperation(RequestManager.java:141) [prdeploy.jar:?]
     [java] 	at com.pega.pegarules.serviceclient.ClientMain.executeAndHandleResponse(ClientMain.java:100) [prdeploy.jar:?]
     [java] 	at com.pega.pegarules.serviceclient.ClientMain.main(ClientMain.java:61) [prdeploy.jar:?]
     [java] Caused by: com.pega.pegarules.serviceclient.exception.InvalidParametersException: No valid (zip/jar) files found in path \\\\192.168.198.1\\f$\\Pega_Archive
     [java] 	at com.pega.pegarules.serviceclient.operation.custom.ImportOperation.validateInputParameters(ImportOperation.java:101) ~[prdeploy.jar:?]
     [java] 	at com.pega.pegarules.serviceclient.rest.RestRequest.validateInputParameters(RestRequest.java:41) ~[prdeploy.jar:?]
     [java] 	at com.pega.pegarules.serviceclient.rest.AbstractRestRequest.execute(AbstractRestRequest.java:56) ~[prdeploy.jar:?]
     [java] 	at com.pega.pegarules.serviceclient.rest.AbstractRestRequest.execute(AbstractRestRequest.java:1) ~[prdeploy.jar:?]
     [java] 	at com.pega.pegarules.serviceclient.request.AbstractRequest.call(AbstractRequest.java:62) ~[prdeploy.jar:?]
     [java] 	at com.pega.pegarules.serviceclient.request.AbstractRequest.call(AbstractRequest.java:1) ~[prdeploy.jar:?]
     [java] 	at java.util.concurrent.FutureTask.run(FutureTask.java:266) ~[?:1.8.0_91]
     [java] 	at java.util.concurrent.ThreadPoolExecutor.runWorker(ThreadPoolExecutor.java:1142) ~[?:1.8.0_91]
     [java] 	at java.util.concurrent.ThreadPoolExecutor$Worker.run(ThreadPoolExecutor.java:617) ~[?:1.8.0_91]
     [java] 	at java.lang.Thread.run(Thread.java:745) ~[?:1.8.0_91]
     [java] 
     [java]                                        FAILED JOBS
     [java] --------------------------------------------------------------------------------------------
     [java] 
     [java] System Name         : PegaProductImportTest-5                                                                             
     [java] Job ID              :                                                                                                     
     [java] Status              :                                                                                                     
     [java] Error Message       : REQUEST_VALIDATION_ERROR com.pega.pegarules.serviceclient.exception.InvalidParametersException: No valid (zip/jar) files found in path \\\\192.168.198.1\\f$\\Pega_Archive
     [java] --------------------------------------------------------------------------------------------
     [java] 16:55:28.679 [main] INFO  [viceclient.requestmanager.RequestManager] - Shutting down executor service
     [java] 16:55:28.679 [main] INFO  [viceclient.requestmanager.RequestManager] - Executor Service shutdown completed
     [java] Exception in thread "main" Operation IMPORT failed on PegaProductImportTest-5,
     [java] 	at com.pega.pegarules.serviceclient.ClientMain.executeAndHandleResponse(ClientMain.java:116)
     [java] 	at com.pega.pegarules.serviceclient.ClientMain.main(ClientMain.java:61)

BUILD FAILED
F:\EAZD\scripts\utils\prpcserviceutilsWrapper.xml:180: The following error occurred while executing this line:
F:\EAZD\scripts\utils\prpcserviceutilsWrapper.xml:198: Java returned: 1

Total time: 4 seconds
Exiting with Error

